Start testing: Oct 14 08:20 IST
----------------------------------------------------------
1/2 Testing: run_cff_test
1/2 Test: run_cff_test
Command: "/home/aditya/llvm_obfuscation/build/tools/run_cff" "/home/aditya/llvm_obfuscation/tests/cff_test.bc"
Directory: /home/aditya/llvm_obfuscation/build
"run_cff_test" start time: Oct 14 08:20 IST
Output:
----------------------------------------------------------
[RUN_CFF] overriding plugin path from RUN_CFF_PLUGIN: /home/aditya/llvm_obfuscation/build/libObfPasses.so
[CFF_PLUGIN] plugin constructor called
[RUN_CFF] plugin loaded successfully
[RUN_CFF] running pipeline...
[RUN_CFF] done
<end of output>
Test time =   0.01 sec
----------------------------------------------------------
Test Passed.
"run_cff_test" end time: Oct 14 08:20 IST
"run_cff_test" time elapsed: 00:00:00
----------------------------------------------------------

2/2 Testing: obfuscator_opt_test
2/2 Test: obfuscator_opt_test
Command: "/home/aditya/llvm_obfuscation/build/tools/obfuscator" "-in" "/home/aditya/llvm_obfuscation/tests/cff_test.bc" "-out" "/home/aditya/llvm_obfuscation/build/tests/cff_test.out.bc" "-pass" "cff" "-p" "/home/aditya/llvm_obfuscation/build/libObfPasses.so"
Directory: /home/aditya/llvm_obfuscation/build
"obfuscator_opt_test" start time: Oct 14 08:20 IST
Output:
----------------------------------------------------------
No such file or directory
Running: opt -load-pass-plugin "/home/aditya/llvm_obfuscation/build/libObfPasses.so" -passes="cff" -o "/home/aditya/llvm_obfuscation/build/tests/cff_test.out.bc" "/home/aditya/llvm_obfuscation/tests/cff_test.bc"
opt returned non-zero exit code: 256
<end of output>
Test time =   0.09 sec
----------------------------------------------------------
Test Passed.
"obfuscator_opt_test" end time: Oct 14 08:20 IST
"obfuscator_opt_test" time elapsed: 00:00:00
----------------------------------------------------------

End testing: Oct 14 08:20 IST
